<?xml version="1.0" encoding="UTF-8"?>
<!-- Generated by org.testng.reporters.JUnitXMLReporter -->
<testsuite hostname="LTILBOM20405810" ignored="0" name="Chrometest3" tests="4" failures="0" timestamp="2023-04-04T19:38:15 IST" time="199.354" errors="0">
  <testcase name="selectWomenCatagory" time="7.934" classname="com.frame.qa.sampleTestcases.StoreHomePageTest"/>
  <testcase name="SearchProduct" time="14.951" classname="com.frame.qa.sampleTestcases.StoreHomePageTest"/>
  <testcase name="selectLanguange" time="6.42" classname="com.frame.qa.sampleTestcases.StoreHomePageTest"/>
  <testcase name="productCheckout" time="65.81" classname="com.frame.qa.sampleTestcases.StoreHomePageTest"/>
</testsuite> <!-- Chrometest3 -->
