<?xml version="1.0" encoding="UTF-8"?>
<!-- Generated by org.testng.reporters.JUnitXMLReporter -->
<testsuite hostname="LTILBOM20405810" ignored="0" name="Chrometest" tests="6" failures="1" timestamp="2023-05-08T15:34:01 IST" time="179.893" errors="0">
  <testcase name="selectWomenCatagory" time="9.286" classname="com.frame.qa.sampleTestcases.StoreHomePageTest"/>
  <testcase name="SearchProduct" time="15.162" classname="com.frame.qa.sampleTestcases.StoreHomePageTest"/>
  <testcase name="selectLanguange" time="5.026" classname="com.frame.qa.sampleTestcases.StoreHomePageTest"/>
  <testcase name="productCheckout" time="51.913" classname="com.frame.qa.sampleTestcases.StoreHomePageTest"/>
  <testcase name="SelectEachCatagory" time="0.018" classname="com.frame.qa.sampleTestcases.StoreHomePageTest">
    <failure type="java.lang.NullPointerException">
      <![CDATA[java.lang.NullPointerException
at com.frame.qa.utils.Excel.getColumnValue(Excel.java:95)
at com.frame.qa.sampleTestcases.StoreHomePageTest.SelectEachCatagory(StoreHomePageTest.java:90)
at java.util.ArrayList.forEach(ArrayList.java:1259)
... Removed 27 stack frames]]>
    </failure>
  </testcase> <!-- SelectEachCatagory -->
  <testcase name="TestAngularApp" time="17.127" classname="com.frame.qa.sampleTestcases.StoreHomePageTest"/>
</testsuite> <!-- Chrometest -->
